[2024-08-01 18:43:08,342: INFO: main: welcome to my custom log]
[2024-08-02 12:48:10,537: INFO: main: welcome to my custom log]
[2024-08-02 14:53:38,874: INFO: common: yaml file: config\config.yaml loaded successfully]
[2024-08-02 14:55:17,868: INFO: common: yaml file: config\config.yaml loaded successfully]
[2024-08-02 14:59:47,989: INFO: common: yaml file: config\config.yaml loaded successfully]
[2024-08-02 15:05:10,491: INFO: common: yaml file: config\config.yaml loaded successfully]
[2024-08-02 15:09:08,993: INFO: common: yaml file: config\config.yaml loaded successfully]
[2024-08-02 15:09:09,029: INFO: common: yaml file: params.yaml loaded successfully]
[2024-08-02 15:09:09,052: INFO: common: Created directory at: artifacts]
[2024-08-02 15:09:09,063: INFO: common: Created directory at: artifacts/data_ingestion]
[2024-08-02 15:12:59,290: INFO: common: yaml file: config\config.yaml loaded successfully]
[2024-08-02 15:12:59,293: INFO: common: yaml file: params.yaml loaded successfully]
[2024-08-02 15:12:59,295: INFO: common: Created directory at: artifacts]
[2024-08-02 15:12:59,297: INFO: common: Created directory at: artifacts/data_ingestion]
[2024-08-02 15:17:01,240: INFO: common: yaml file: config\config.yaml loaded successfully]
[2024-08-02 15:17:01,243: INFO: common: yaml file: params.yaml loaded successfully]
[2024-08-02 15:17:01,246: INFO: common: Created directory at: artifacts]
[2024-08-02 15:17:01,247: INFO: common: Created directory at: artifacts/data_ingestion]
[2024-08-02 15:22:07,751: INFO: common: yaml file: config\config.yaml loaded successfully]
[2024-08-02 15:22:07,753: INFO: common: yaml file: params.yaml loaded successfully]
[2024-08-02 15:22:07,756: INFO: common: Created directory at: artifacts]
[2024-08-02 15:22:07,758: INFO: common: Created directory at: artifacts/data_ingestion]
[2024-08-02 15:30:51,653: INFO: common: yaml file: config\config.yaml loaded successfully]
[2024-08-02 15:30:51,656: INFO: common: yaml file: params.yaml loaded successfully]
[2024-08-02 15:30:51,657: INFO: common: created directory at: artifacts]
[2024-08-02 15:30:51,659: INFO: common: created directory at: artifacts/data_ingestion]
[2024-08-02 15:31:00,456: INFO: 1645260119: artifacts/data_ingestion/data.zip download! with following info: 
Connection: close
Content-Length: 11616915
Cache-Control: max-age=300
Content-Security-Policy: default-src 'none'; style-src 'unsafe-inline'; sandbox
Content-Type: application/zip
ETag: "adf745abc03891fe493c3be264ec012691fe3fa21d861f35a27edbe6d86a76b1"
Strict-Transport-Security: max-age=31536000
X-Content-Type-Options: nosniff
X-Frame-Options: deny
X-XSS-Protection: 1; mode=block
X-GitHub-Request-Id: 4A34:1F942E:346746:3D3BB5:66ACAEC2
Accept-Ranges: bytes
Date: Fri, 02 Aug 2024 10:02:46 GMT
Via: 1.1 varnish
X-Served-By: cache-bom4729-BOM
X-Cache: MISS
X-Cache-Hits: 0
X-Timer: S1722592966.802912,VS0,VE851
Vary: Authorization,Accept-Encoding,Origin
Access-Control-Allow-Origin: *
Cross-Origin-Resource-Policy: cross-origin
X-Fastly-Request-ID: 5cfbce0488d2eb16abac0ab21660f9d5919d0249
Expires: Fri, 02 Aug 2024 10:07:46 GMT
Source-Age: 0

]
[2024-08-02 16:01:12,878: INFO: main: >>>>>> stage Data Ingestion stage started <<<<<<]
[2024-08-02 16:01:12,880: INFO: common: yaml file: config\config.yaml loaded successfully]
[2024-08-02 16:01:12,880: INFO: common: yaml file: params.yaml loaded successfully]
[2024-08-02 16:01:12,881: INFO: common: created directory at: artifacts]
[2024-08-02 16:01:12,882: INFO: common: created directory at: artifacts/data_ingestion]
[2024-08-02 16:01:36,990: INFO: data_ingestion: artifacts/data_ingestion/data.zip download! with following info: 
Connection: close
Content-Length: 11616915
Cache-Control: max-age=300
Content-Security-Policy: default-src 'none'; style-src 'unsafe-inline'; sandbox
Content-Type: application/zip
ETag: "adf745abc03891fe493c3be264ec012691fe3fa21d861f35a27edbe6d86a76b1"
Strict-Transport-Security: max-age=31536000
X-Content-Type-Options: nosniff
X-Frame-Options: deny
X-XSS-Protection: 1; mode=block
X-GitHub-Request-Id: 4A34:1F942E:346746:3D3BB5:66ACAEC2
Accept-Ranges: bytes
Date: Fri, 02 Aug 2024 10:33:06 GMT
Via: 1.1 varnish
X-Served-By: cache-bom4731-BOM
X-Cache: HIT
X-Cache-Hits: 0
X-Timer: S1722594786.310642,VS0,VE339
Vary: Authorization,Accept-Encoding,Origin
Access-Control-Allow-Origin: *
Cross-Origin-Resource-Policy: cross-origin
X-Fastly-Request-ID: 26f4abe855da2e13de696550a6bb8ea48274feb1
Expires: Fri, 02 Aug 2024 10:38:06 GMT
Source-Age: 0

]
[2024-08-02 16:01:38,755: INFO: main: >>>>>> stage Data Ingestion stage completed <<<<<<

x==========x]
[2024-08-02 17:02:13,263: INFO: common: yaml file: config\config.yaml loaded successfully]
[2024-08-02 17:02:13,310: INFO: common: yaml file: params.yaml loaded successfully]
[2024-08-02 17:02:13,333: INFO: common: created directory at: artifacts]
[2024-08-02 17:02:13,336: INFO: common: created directory at: artifacts/prepare_base_model]
[2024-08-02 17:03:01,287: WARNING: saving_utils: Compiled the loaded model, but the compiled metrics have yet to be built. `model.compile_metrics` will be empty until you train or evaluate the model.]
[2024-08-02 17:20:19,307: INFO: main: >>>>>> stage Data Ingestion stage started <<<<<<]
[2024-08-02 17:20:19,307: INFO: common: yaml file: config\config.yaml loaded successfully]
[2024-08-02 17:20:19,307: INFO: common: yaml file: params.yaml loaded successfully]
[2024-08-02 17:20:19,307: INFO: common: created directory at: artifacts]
[2024-08-02 17:20:19,307: INFO: common: created directory at: artifacts/data_ingestion]
[2024-08-02 17:20:19,307: INFO: data_ingestion: File already exists of size: ~ 11345 KB]
[2024-08-02 17:20:20,517: INFO: main: >>>>>> stage Data Ingestion stage completed <<<<<<

x==========x]
[2024-08-02 17:20:20,517: INFO: main: *******************]
[2024-08-02 17:20:20,517: INFO: main: >>>>>> stage Prepare base model started <<<<<<]
[2024-08-02 17:20:20,528: INFO: common: yaml file: config\config.yaml loaded successfully]
[2024-08-02 17:20:20,528: INFO: common: yaml file: params.yaml loaded successfully]
[2024-08-02 17:20:20,528: INFO: common: created directory at: artifacts]
[2024-08-02 17:20:20,544: INFO: common: created directory at: artifacts/prepare_base_model]
[2024-08-02 17:20:24,602: WARNING: saving_utils: Compiled the loaded model, but the compiled metrics have yet to be built. `model.compile_metrics` will be empty until you train or evaluate the model.]
[2024-08-02 17:20:25,235: INFO: main: >>>>>> stage Prepare base model completed <<<<<<

x==========x]
[2024-08-02 17:33:18,844: INFO: common: yaml file: config\config.yaml loaded successfully]
[2024-08-02 17:33:18,853: INFO: common: yaml file: params.yaml loaded successfully]
[2024-08-02 17:33:18,856: INFO: common: created directory at: artifacts]
[2024-08-02 17:33:18,908: INFO: common: created directory at: artifacts\prepare_callbacks\checkpoint_dir]
[2024-08-02 17:33:18,911: INFO: common: created directory at: artifacts\prepare_callbacks\tensorboard_log_dir]
[2024-08-02 17:33:51,942: INFO: common: yaml file: config\config.yaml loaded successfully]
[2024-08-02 17:33:51,948: INFO: common: yaml file: params.yaml loaded successfully]
[2024-08-02 17:33:51,950: INFO: common: created directory at: artifacts]
[2024-08-02 17:33:51,952: INFO: common: created directory at: artifacts\prepare_callbacks\checkpoint_dir]
[2024-08-02 17:33:51,954: INFO: common: created directory at: artifacts\prepare_callbacks\tensorboard_log_dir]
[2024-08-02 17:39:01,687: INFO: common: yaml file: config\config.yaml loaded successfully]
[2024-08-02 17:39:01,695: INFO: common: yaml file: params.yaml loaded successfully]
[2024-08-02 17:39:01,696: INFO: common: created directory at: artifacts]
[2024-08-02 17:39:01,698: INFO: common: created directory at: artifacts\prepare_callbacks\checkpoint_dir]
[2024-08-02 17:39:01,701: INFO: common: created directory at: artifacts\prepare_callbacks\tensorboard_log_dir]
[2024-08-02 17:50:38,057: INFO: common: yaml file: config\config.yaml loaded successfully]
[2024-08-02 17:50:38,062: INFO: common: yaml file: params.yaml loaded successfully]
[2024-08-02 17:50:38,063: INFO: common: created directory at: artifacts]
[2024-08-02 17:50:38,066: INFO: common: created directory at: artifacts\prepare_callbacks\checkpoint_dir]
[2024-08-02 17:50:38,067: INFO: common: created directory at: artifacts\prepare_callbacks\tensorboard_log_dir]
[2024-08-02 17:57:57,758: INFO: common: yaml file: config\config.yaml loaded successfully]
[2024-08-02 17:57:57,763: INFO: common: yaml file: params.yaml loaded successfully]
[2024-08-02 17:57:57,765: INFO: common: created directory at: artifacts]
[2024-08-02 17:57:57,767: INFO: common: created directory at: artifacts\prepare_callbacks\checkpoint_dir]
[2024-08-02 17:57:57,768: INFO: common: created directory at: artifacts\prepare_callbacks\tensorboard_log_dir]
[2024-08-02 17:59:17,890: INFO: common: yaml file: config\config.yaml loaded successfully]
[2024-08-02 17:59:17,895: INFO: common: yaml file: params.yaml loaded successfully]
[2024-08-02 17:59:17,896: INFO: common: created directory at: artifacts]
[2024-08-02 17:59:17,898: INFO: common: created directory at: artifacts\prepare_callbacks\checkpoint_dir]
[2024-08-02 17:59:17,900: INFO: common: created directory at: artifacts\prepare_callbacks\tensorboard_log_dir]
[2024-08-03 12:21:39,667: INFO: common: yaml file: config\config.yaml loaded successfully]
[2024-08-03 12:21:39,755: INFO: common: yaml file: params.yaml loaded successfully]
[2024-08-03 12:21:39,756: INFO: common: created directory at: artifacts]
[2024-08-03 12:21:39,758: INFO: common: created directory at: artifacts\prepare_callbacks\checkpoint_dir]
[2024-08-03 12:21:39,759: INFO: common: created directory at: artifacts\prepare_callbacks\tensorboard_log_dir]
[2024-08-03 12:34:05,390: INFO: common: yaml file: config\config.yaml loaded successfully]
[2024-08-03 12:34:05,402: INFO: common: yaml file: params.yaml loaded successfully]
[2024-08-03 12:34:05,404: INFO: common: created directory at: artifacts]
[2024-08-03 12:34:05,406: INFO: common: created directory at: artifacts\prepare_callbacks\checkpoint_dir]
[2024-08-03 12:34:05,408: INFO: common: created directory at: artifacts\prepare_callbacks\tensorboard_log_dir]
[2024-08-03 12:34:55,972: INFO: common: yaml file: config\config.yaml loaded successfully]
[2024-08-03 12:34:55,978: INFO: common: yaml file: params.yaml loaded successfully]
[2024-08-03 12:34:55,980: INFO: common: created directory at: artifacts]
[2024-08-03 12:34:55,980: INFO: common: created directory at: artifacts\prepare_callbacks\checkpoint_dir]
[2024-08-03 12:34:55,985: INFO: common: created directory at: artifacts\prepare_callbacks\tensorboard_log_dir]
[2024-08-03 12:36:38,664: INFO: common: yaml file: config\config.yaml loaded successfully]
[2024-08-03 12:36:38,668: INFO: common: yaml file: params.yaml loaded successfully]
[2024-08-03 12:36:38,670: INFO: common: created directory at: artifacts]
[2024-08-03 12:36:38,671: INFO: common: created directory at: artifacts\prepare_callbacks\checkpoint_dir]
[2024-08-03 12:36:38,674: INFO: common: created directory at: artifacts\prepare_callbacks\tensorboard_log_dir]
[2024-08-03 12:36:38,775: INFO: common: created directory at: artifacts\training]
[2024-08-03 12:44:02,734: INFO: common: yaml file: config\config.yaml loaded successfully]
[2024-08-03 12:44:02,739: INFO: common: yaml file: params.yaml loaded successfully]
[2024-08-03 12:44:02,740: INFO: common: created directory at: artifacts]
[2024-08-03 12:44:02,742: INFO: common: created directory at: artifacts\prepare_callbacks\checkpoint_dir]
[2024-08-03 12:44:02,743: INFO: common: created directory at: artifacts\prepare_callbacks\tensorboard_log_dir]
[2024-08-03 12:44:02,746: INFO: common: created directory at: artifacts\training]
[2024-08-03 12:46:00,868: INFO: common: yaml file: config\config.yaml loaded successfully]
[2024-08-03 12:46:00,877: INFO: common: yaml file: params.yaml loaded successfully]
[2024-08-03 12:46:00,879: INFO: common: created directory at: artifacts]
[2024-08-03 12:46:00,881: INFO: common: created directory at: artifacts\prepare_callbacks\checkpoint_dir]
[2024-08-03 12:46:00,882: INFO: common: created directory at: artifacts\prepare_callbacks\tensorboard_log_dir]
[2024-08-03 12:46:00,883: INFO: common: created directory at: artifacts\training]
[2024-08-03 13:14:41,931: INFO: main: >>>>>> stage Data Ingestion stage started <<<<<<]
[2024-08-03 13:14:41,961: INFO: common: yaml file: config\config.yaml loaded successfully]
[2024-08-03 13:14:41,963: INFO: common: yaml file: params.yaml loaded successfully]
[2024-08-03 13:14:41,964: INFO: common: created directory at: artifacts]
[2024-08-03 13:14:42,057: INFO: common: created directory at: artifacts/data_ingestion]
[2024-08-03 13:14:50,234: INFO: data_ingestion: artifacts/data_ingestion/data.zip download! with following info: 
Connection: close
Content-Length: 11616915
Cache-Control: max-age=300
Content-Security-Policy: default-src 'none'; style-src 'unsafe-inline'; sandbox
Content-Type: application/zip
ETag: "adf745abc03891fe493c3be264ec012691fe3fa21d861f35a27edbe6d86a76b1"
Strict-Transport-Security: max-age=31536000
X-Content-Type-Options: nosniff
X-Frame-Options: deny
X-XSS-Protection: 1; mode=block
X-GitHub-Request-Id: 5122:327355:965EB:BFC54:66ADE05C
Accept-Ranges: bytes
Date: Sat, 03 Aug 2024 07:46:37 GMT
Via: 1.1 varnish
X-Served-By: cache-bom4726-BOM
X-Cache: MISS
X-Cache-Hits: 0
X-Timer: S1722671197.740818,VS0,VE1149
Vary: Authorization,Accept-Encoding,Origin
Access-Control-Allow-Origin: *
Cross-Origin-Resource-Policy: cross-origin
X-Fastly-Request-ID: 52b5a43d5141551d5c4f14a8492a8a81b0a74d3e
Expires: Sat, 03 Aug 2024 07:51:37 GMT
Source-Age: 1

]
[2024-08-03 13:14:52,296: INFO: main: >>>>>> stage Data Ingestion stage completed <<<<<<

x==========x]
[2024-08-03 13:14:52,297: INFO: main: *******************]
[2024-08-03 13:14:52,297: INFO: main: >>>>>> stage Prepare base model started <<<<<<]
[2024-08-03 13:14:52,302: INFO: common: yaml file: config\config.yaml loaded successfully]
[2024-08-03 13:14:52,305: INFO: common: yaml file: params.yaml loaded successfully]
[2024-08-03 13:14:52,308: INFO: common: created directory at: artifacts]
[2024-08-03 13:14:52,310: INFO: common: created directory at: artifacts/prepare_base_model]
[2024-08-03 13:14:55,922: WARNING: saving_utils: Compiled the loaded model, but the compiled metrics have yet to be built. `model.compile_metrics` will be empty until you train or evaluate the model.]
[2024-08-03 13:14:56,616: INFO: main: >>>>>> stage Prepare base model completed <<<<<<

x==========x]
[2024-08-03 13:14:56,617: INFO: main: *******************]
[2024-08-03 13:14:56,620: INFO: main: >>>>>> stage Training started <<<<<<]
[2024-08-03 13:14:56,667: INFO: common: yaml file: config\config.yaml loaded successfully]
[2024-08-03 13:14:56,674: INFO: common: yaml file: params.yaml loaded successfully]
[2024-08-03 13:14:56,676: INFO: common: created directory at: artifacts]
[2024-08-03 13:14:56,696: INFO: common: created directory at: artifacts\prepare_callbacks\checkpoint_dir]
[2024-08-03 13:14:56,905: INFO: common: created directory at: artifacts\prepare_callbacks\tensorboard_log_dir]
[2024-08-03 13:14:57,058: INFO: common: created directory at: artifacts\training]
[2024-08-03 13:17:14,405: INFO: main: >>>>>> stage Training completed <<<<<<

x==========x]
[2024-08-03 13:39:38,106: INFO: common: yaml file: config\config.yaml loaded successfully]
[2024-08-03 13:39:38,112: INFO: common: yaml file: params.yaml loaded successfully]
[2024-08-03 13:39:38,116: INFO: common: created directory at: artifacts]
[2024-08-03 13:40:39,566: INFO: common: json file saved at: scores.json]
[2024-08-03 13:53:45,514: INFO: main: >>>>>> stage Data Ingestion stage started <<<<<<]
[2024-08-03 13:53:45,529: INFO: common: yaml file: config\config.yaml loaded successfully]
[2024-08-03 13:53:45,543: INFO: common: yaml file: params.yaml loaded successfully]
[2024-08-03 13:53:45,559: INFO: common: created directory at: artifacts]
[2024-08-03 13:53:45,569: INFO: common: created directory at: artifacts/data_ingestion]
[2024-08-03 13:53:51,384: INFO: data_ingestion: artifacts/data_ingestion/data.zip download! with following info: 
Connection: close
Content-Length: 11616915
Cache-Control: max-age=300
Content-Security-Policy: default-src 'none'; style-src 'unsafe-inline'; sandbox
Content-Type: application/zip
ETag: "adf745abc03891fe493c3be264ec012691fe3fa21d861f35a27edbe6d86a76b1"
Strict-Transport-Security: max-age=31536000
X-Content-Type-Options: nosniff
X-Frame-Options: deny
X-XSS-Protection: 1; mode=block
X-GitHub-Request-Id: 5122:327355:965EB:BFC54:66ADE05C
Accept-Ranges: bytes
Date: Sat, 03 Aug 2024 08:25:40 GMT
Via: 1.1 varnish
X-Served-By: cache-bom4748-BOM
X-Cache: HIT
X-Cache-Hits: 0
X-Timer: S1722673540.770332,VS0,VE320
Vary: Authorization,Accept-Encoding,Origin
Access-Control-Allow-Origin: *
Cross-Origin-Resource-Policy: cross-origin
X-Fastly-Request-ID: e160b19a9dd6a9851b21f7696f218929a4e87dbe
Expires: Sat, 03 Aug 2024 08:30:40 GMT
Source-Age: 0

]
[2024-08-03 13:53:52,171: INFO: main: >>>>>> stage Data Ingestion stage completed <<<<<<

x==========x]
[2024-08-03 13:53:52,171: INFO: main: *******************]
[2024-08-03 13:53:52,172: INFO: main: >>>>>> stage Prepare base model started <<<<<<]
[2024-08-03 13:53:52,179: INFO: common: yaml file: config\config.yaml loaded successfully]
[2024-08-03 13:53:52,186: INFO: common: yaml file: params.yaml loaded successfully]
[2024-08-03 13:53:52,187: INFO: common: created directory at: artifacts]
[2024-08-03 13:53:52,189: INFO: common: created directory at: artifacts/prepare_base_model]
[2024-08-03 13:53:55,783: WARNING: saving_utils: Compiled the loaded model, but the compiled metrics have yet to be built. `model.compile_metrics` will be empty until you train or evaluate the model.]
[2024-08-03 13:53:56,154: INFO: main: >>>>>> stage Prepare base model completed <<<<<<

x==========x]
[2024-08-03 13:53:56,155: INFO: main: *******************]
[2024-08-03 13:53:56,155: INFO: main: >>>>>> stage Training started <<<<<<]
[2024-08-03 13:53:56,158: INFO: common: yaml file: config\config.yaml loaded successfully]
[2024-08-03 13:53:56,159: INFO: common: yaml file: params.yaml loaded successfully]
[2024-08-03 13:53:56,163: INFO: common: created directory at: artifacts]
[2024-08-03 13:53:56,177: INFO: common: created directory at: artifacts\prepare_callbacks\checkpoint_dir]
[2024-08-03 13:53:56,180: INFO: common: created directory at: artifacts\prepare_callbacks\tensorboard_log_dir]
[2024-08-03 13:53:56,206: INFO: common: created directory at: artifacts\training]
[2024-08-03 14:04:42,941: INFO: main: >>>>>> stage Training completed <<<<<<

x==========x]
[2024-08-03 14:04:42,942: INFO: main: *******************]
[2024-08-03 14:04:42,942: INFO: main: >>>>>> stage Evaluation stage started <<<<<<]
[2024-08-03 14:04:42,964: INFO: common: yaml file: config\config.yaml loaded successfully]
[2024-08-03 14:04:42,968: INFO: common: yaml file: params.yaml loaded successfully]
[2024-08-03 14:04:42,969: INFO: common: created directory at: artifacts]
[2024-08-03 14:04:43,639: ERROR: main: name 'model' is not defined]
Traceback (most recent call last):
  File "main.py", line 50, in <module>
    model_evalution.main()
  File "D:\Codes\ChickenDiseaseClassification\src\cnnClassifier\pipeline\stage_04_evalution.py", line 16, in main
    evaluation.evaluation()
  File "D:\Codes\ChickenDiseaseClassification\src\cnnClassifier\components\evaluation.py", line 46, in evaluation
    self.score = model.evaluate(self.valid_generator)
NameError: name 'model' is not defined
[2024-08-03 14:09:59,088: INFO: main: >>>>>> stage Data Ingestion stage started <<<<<<]
[2024-08-03 14:09:59,088: INFO: common: yaml file: config\config.yaml loaded successfully]
[2024-08-03 14:09:59,088: INFO: common: yaml file: params.yaml loaded successfully]
[2024-08-03 14:09:59,088: INFO: common: created directory at: artifacts]
[2024-08-03 14:09:59,088: INFO: common: created directory at: artifacts/data_ingestion]
[2024-08-03 14:09:59,088: INFO: data_ingestion: File already exists of size: ~ 11345 KB]
[2024-08-03 14:09:59,475: INFO: main: >>>>>> stage Data Ingestion stage completed <<<<<<

x==========x]
[2024-08-03 14:09:59,490: INFO: main: *******************]
[2024-08-03 14:09:59,490: INFO: main: >>>>>> stage Prepare base model started <<<<<<]
[2024-08-03 14:09:59,490: INFO: common: yaml file: config\config.yaml loaded successfully]
[2024-08-03 14:09:59,490: INFO: common: yaml file: params.yaml loaded successfully]
[2024-08-03 14:09:59,490: INFO: common: created directory at: artifacts]
[2024-08-03 14:09:59,490: INFO: common: created directory at: artifacts/prepare_base_model]
[2024-08-03 14:10:02,151: WARNING: saving_utils: Compiled the loaded model, but the compiled metrics have yet to be built. `model.compile_metrics` will be empty until you train or evaluate the model.]
[2024-08-03 14:10:02,764: INFO: main: >>>>>> stage Prepare base model completed <<<<<<

x==========x]
[2024-08-03 14:10:02,764: INFO: main: *******************]
[2024-08-03 14:10:02,765: INFO: main: >>>>>> stage Training started <<<<<<]
[2024-08-03 14:10:02,767: INFO: common: yaml file: config\config.yaml loaded successfully]
[2024-08-03 14:10:02,769: INFO: common: yaml file: params.yaml loaded successfully]
[2024-08-03 14:10:02,770: INFO: common: created directory at: artifacts]
[2024-08-03 14:10:02,770: INFO: common: created directory at: artifacts\prepare_callbacks\checkpoint_dir]
[2024-08-03 14:10:02,770: INFO: common: created directory at: artifacts\prepare_callbacks\tensorboard_log_dir]
[2024-08-03 14:10:02,784: INFO: common: created directory at: artifacts\training]
[2024-08-03 14:11:57,449: INFO: main: >>>>>> stage Training completed <<<<<<

x==========x]
[2024-08-03 14:11:57,450: INFO: main: *******************]
[2024-08-03 14:11:57,450: INFO: main: >>>>>> stage Evaluation stage started <<<<<<]
[2024-08-03 14:11:57,453: INFO: common: yaml file: config\config.yaml loaded successfully]
[2024-08-03 14:11:57,455: INFO: common: yaml file: params.yaml loaded successfully]
[2024-08-03 14:11:57,455: INFO: common: created directory at: artifacts]
[2024-08-03 14:11:57,906: ERROR: main: name 'model' is not defined]
Traceback (most recent call last):
  File "main.py", line 50, in <module>
    model_evalution.main()
  File "D:\Codes\ChickenDiseaseClassification\src\cnnClassifier\pipeline\stage_04_evalution.py", line 16, in main
    evaluation.evaluation()
  File "D:\Codes\ChickenDiseaseClassification\src\cnnClassifier\components\evaluation.py", line 46, in evaluation
    self.score = model.evaluate(self.valid_generator)
NameError: name 'model' is not defined
[2024-08-03 14:14:36,208: INFO: main: >>>>>> stage Data Ingestion stage started <<<<<<]
[2024-08-03 14:14:36,208: INFO: common: yaml file: config\config.yaml loaded successfully]
[2024-08-03 14:14:36,208: INFO: common: yaml file: params.yaml loaded successfully]
[2024-08-03 14:14:36,224: INFO: common: created directory at: artifacts]
[2024-08-03 14:14:36,224: INFO: common: created directory at: artifacts/data_ingestion]
[2024-08-03 14:14:36,224: INFO: data_ingestion: File already exists of size: ~ 11345 KB]
[2024-08-03 14:14:36,545: INFO: main: >>>>>> stage Data Ingestion stage completed <<<<<<

x==========x]
[2024-08-03 14:14:36,545: INFO: main: *******************]
[2024-08-03 14:14:36,545: INFO: main: >>>>>> stage Prepare base model started <<<<<<]
[2024-08-03 14:14:36,549: INFO: common: yaml file: config\config.yaml loaded successfully]
[2024-08-03 14:14:36,552: INFO: common: yaml file: params.yaml loaded successfully]
[2024-08-03 14:14:36,553: INFO: common: created directory at: artifacts]
[2024-08-03 14:14:36,553: INFO: common: created directory at: artifacts/prepare_base_model]
[2024-08-03 14:14:37,302: WARNING: saving_utils: Compiled the loaded model, but the compiled metrics have yet to be built. `model.compile_metrics` will be empty until you train or evaluate the model.]
[2024-08-03 14:14:39,920: INFO: main: >>>>>> stage Prepare base model completed <<<<<<

x==========x]
[2024-08-03 14:14:39,921: INFO: main: *******************]
[2024-08-03 14:14:39,921: INFO: main: >>>>>> stage Training started <<<<<<]
[2024-08-03 14:14:39,924: INFO: common: yaml file: config\config.yaml loaded successfully]
[2024-08-03 14:14:39,926: INFO: common: yaml file: params.yaml loaded successfully]
[2024-08-03 14:14:39,927: INFO: common: created directory at: artifacts]
[2024-08-03 14:14:39,928: INFO: common: created directory at: artifacts\prepare_callbacks\checkpoint_dir]
[2024-08-03 14:14:39,929: INFO: common: created directory at: artifacts\prepare_callbacks\tensorboard_log_dir]
[2024-08-03 14:14:39,931: INFO: common: created directory at: artifacts\training]
[2024-08-03 14:17:05,094: INFO: main: >>>>>> stage Training completed <<<<<<

x==========x]
[2024-08-03 14:17:05,094: INFO: main: *******************]
[2024-08-03 14:17:05,094: INFO: main: >>>>>> stage Evaluation stage started <<<<<<]
[2024-08-03 14:17:05,094: INFO: common: yaml file: config\config.yaml loaded successfully]
[2024-08-03 14:17:05,094: INFO: common: yaml file: params.yaml loaded successfully]
[2024-08-03 14:17:05,094: INFO: common: created directory at: artifacts]
[2024-08-03 14:17:47,892: INFO: common: json file saved at: scores.json]
[2024-08-03 14:17:47,893: INFO: main: >>>>>> stage Evaluation stage completed <<<<<<

x==========x]
[2024-08-03 16:03:15,067: INFO: main: >>>>>> stage Data Ingestion stage started <<<<<<]
[2024-08-03 16:03:15,125: INFO: common: yaml file: config\config.yaml loaded successfully]
[2024-08-03 16:03:15,154: INFO: common: yaml file: params.yaml loaded successfully]
[2024-08-03 16:03:15,195: INFO: common: created directory at: artifacts]
[2024-08-03 16:03:15,221: INFO: common: created directory at: artifacts/data_ingestion]
[2024-08-03 16:03:23,637: INFO: data_ingestion: artifacts/data_ingestion/data.zip download! with following info: 
Connection: close
Content-Length: 11616915
Cache-Control: max-age=300
Content-Security-Policy: default-src 'none'; style-src 'unsafe-inline'; sandbox
Content-Type: application/zip
ETag: "adf745abc03891fe493c3be264ec012691fe3fa21d861f35a27edbe6d86a76b1"
Strict-Transport-Security: max-age=31536000
X-Content-Type-Options: nosniff
X-Frame-Options: deny
X-XSS-Protection: 1; mode=block
X-GitHub-Request-Id: E96D:1848C7:6E27F:9C2D7:66AE07DA
Accept-Ranges: bytes
Date: Sat, 03 Aug 2024 10:35:09 GMT
Via: 1.1 varnish
X-Served-By: cache-bom4751-BOM
X-Cache: MISS
X-Cache-Hits: 0
X-Timer: S1722681309.121489,VS0,VE877
Vary: Authorization,Accept-Encoding,Origin
Access-Control-Allow-Origin: *
Cross-Origin-Resource-Policy: cross-origin
X-Fastly-Request-ID: 68308f5ef3302d421bb3e8f879b9c6904938aae5
Expires: Sat, 03 Aug 2024 10:40:09 GMT
Source-Age: 1

]
[2024-08-03 16:03:24,515: INFO: main: >>>>>> stage Data Ingestion stage completed <<<<<<

x==========x]
[2024-08-03 16:03:24,525: INFO: main: *******************]
[2024-08-03 16:03:24,525: INFO: main: >>>>>> stage Prepare base model started <<<<<<]
[2024-08-03 16:03:24,525: INFO: common: yaml file: config\config.yaml loaded successfully]
[2024-08-03 16:03:24,531: INFO: common: yaml file: params.yaml loaded successfully]
[2024-08-03 16:03:24,531: INFO: common: created directory at: artifacts]
[2024-08-03 16:03:24,539: INFO: common: created directory at: artifacts/prepare_base_model]
[2024-08-03 16:03:30,798: WARNING: saving_utils: Compiled the loaded model, but the compiled metrics have yet to be built. `model.compile_metrics` will be empty until you train or evaluate the model.]
[2024-08-03 16:03:31,556: INFO: main: >>>>>> stage Prepare base model completed <<<<<<

x==========x]
[2024-08-03 16:03:31,556: INFO: main: *******************]
[2024-08-03 16:03:31,556: INFO: main: >>>>>> stage Training started <<<<<<]
[2024-08-03 16:03:31,556: INFO: common: yaml file: config\config.yaml loaded successfully]
[2024-08-03 16:03:31,556: INFO: common: yaml file: params.yaml loaded successfully]
[2024-08-03 16:03:31,556: INFO: common: created directory at: artifacts]
[2024-08-03 16:03:31,577: INFO: common: created directory at: artifacts\prepare_callbacks\checkpoint_dir]
[2024-08-03 16:03:31,579: INFO: common: created directory at: artifacts\prepare_callbacks\tensorboard_log_dir]
[2024-08-03 16:03:31,814: INFO: common: created directory at: artifacts\training]
[2024-08-03 16:13:37,204: INFO: main: >>>>>> stage Training completed <<<<<<

x==========x]
[2024-08-03 16:13:37,205: INFO: main: *******************]
[2024-08-03 16:13:37,205: INFO: main: >>>>>> stage Evaluation stage started <<<<<<]
[2024-08-03 16:13:37,205: INFO: common: yaml file: config\config.yaml loaded successfully]
[2024-08-03 16:13:37,211: INFO: common: yaml file: params.yaml loaded successfully]
[2024-08-03 16:13:37,212: INFO: common: created directory at: artifacts]
[2024-08-03 16:14:14,874: INFO: common: json file saved at: scores.json]
[2024-08-03 16:14:14,874: INFO: main: >>>>>> stage Evaluation stage completed <<<<<<

x==========x]
[2024-08-03 19:12:17,122: INFO: stage_01_data_ingestion: >>>>>> stage Data Ingestion stage started <<<<<<]
[2024-08-03 19:12:17,137: INFO: common: yaml file: config\config.yaml loaded successfully]
[2024-08-03 19:12:17,153: INFO: common: yaml file: params.yaml loaded successfully]
[2024-08-03 19:12:17,202: INFO: common: created directory at: artifacts]
[2024-08-03 19:12:17,202: INFO: common: created directory at: artifacts/data_ingestion]
[2024-08-03 19:12:28,386: INFO: data_ingestion: artifacts/data_ingestion/data.zip download! with following info: 
Connection: close
Content-Length: 11616915
Cache-Control: max-age=300
Content-Security-Policy: default-src 'none'; style-src 'unsafe-inline'; sandbox
Content-Type: application/zip
ETag: "adf745abc03891fe493c3be264ec012691fe3fa21d861f35a27edbe6d86a76b1"
Strict-Transport-Security: max-age=31536000
X-Content-Type-Options: nosniff
X-Frame-Options: deny
X-XSS-Protection: 1; mode=block
X-GitHub-Request-Id: 709E:32355A:F3207:12DC70:66AE342B
Accept-Ranges: bytes
Date: Sat, 03 Aug 2024 13:44:12 GMT
Via: 1.1 varnish
X-Served-By: cache-bom4742-BOM
X-Cache: MISS
X-Cache-Hits: 0
X-Timer: S1722692651.445864,VS0,VE1156
Vary: Authorization,Accept-Encoding,Origin
Access-Control-Allow-Origin: *
Cross-Origin-Resource-Policy: cross-origin
X-Fastly-Request-ID: fb14d37beb9111c6b3b1a29e672995c25e270987
Expires: Sat, 03 Aug 2024 13:49:12 GMT
Source-Age: 1

]
[2024-08-03 19:12:28,856: INFO: stage_01_data_ingestion: >>>>>> stage Data Ingestion stage completed <<<<<<

x==========x]
[2024-08-03 19:15:27,683: INFO: stage_02_prepare_base_model: *******************]
[2024-08-03 19:15:27,683: INFO: stage_02_prepare_base_model: >>>>>> stage Prepare base model started <<<<<<]
[2024-08-03 19:15:27,698: INFO: common: yaml file: config\config.yaml loaded successfully]
[2024-08-03 19:15:27,698: INFO: common: yaml file: params.yaml loaded successfully]
[2024-08-03 19:15:27,698: INFO: common: created directory at: artifacts]
[2024-08-03 19:15:27,714: INFO: common: created directory at: artifacts/prepare_base_model]
[2024-08-03 19:15:32,243: WARNING: saving_utils: Compiled the loaded model, but the compiled metrics have yet to be built. `model.compile_metrics` will be empty until you train or evaluate the model.]
[2024-08-03 19:15:32,662: INFO: stage_02_prepare_base_model: >>>>>> stage Prepare base model completed <<<<<<

x==========x]
[2024-08-03 19:15:43,334: INFO: stage_03_training: *******************]
[2024-08-03 19:15:43,334: INFO: stage_03_training: >>>>>> stage Training started <<<<<<]
[2024-08-03 19:15:43,334: INFO: common: yaml file: config\config.yaml loaded successfully]
[2024-08-03 19:15:43,334: INFO: common: yaml file: params.yaml loaded successfully]
[2024-08-03 19:15:43,334: INFO: common: created directory at: artifacts]
[2024-08-03 19:15:43,348: INFO: common: created directory at: artifacts\prepare_callbacks\checkpoint_dir]
[2024-08-03 19:15:43,349: INFO: common: created directory at: artifacts\prepare_callbacks\tensorboard_log_dir]
[2024-08-03 19:15:43,407: INFO: common: created directory at: artifacts\training]
[2024-08-03 19:27:48,116: INFO: stage_03_training: >>>>>> stage Training completed <<<<<<

x==========x]
[2024-08-03 19:32:45,641: INFO: stage_04_evaluation: *******************]
[2024-08-03 19:32:45,641: INFO: stage_04_evaluation: >>>>>> stage Evaluation stage started <<<<<<]
[2024-08-03 19:32:45,644: INFO: common: yaml file: config\config.yaml loaded successfully]
[2024-08-03 19:32:45,645: INFO: common: yaml file: params.yaml loaded successfully]
[2024-08-03 19:32:45,646: INFO: common: created directory at: artifacts]
[2024-08-03 19:33:26,433: INFO: common: json file saved at: scores.json]
[2024-08-03 19:33:26,434: INFO: stage_04_evaluation: >>>>>> stage Evaluation stage completed <<<<<<

x==========x]
